{"D:\\Kuliah\\Semester 7\\2. Clean Architecture\\dist\\app.js": {"path":"D:\\Kuliah\\Semester 7\\2. Clean Architecture\\dist\\app.js","statementMap":{"0":{"start":{"line":5,"column":16},"end":{"line":5,"column":25}},"1":{"start":{"line":6,"column":4},"end":{"line":6,"column":28}},"2":{"start":{"line":7,"column":4},"end":{"line":7,"column":31}},"3":{"start":{"line":8,"column":4},"end":{"line":8,"column":34}},"4":{"start":{"line":10,"column":4},"end":{"line":16,"column":7}},"5":{"start":{"line":11,"column":8},"end":{"line":11,"column":25}},"6":{"start":{"line":12,"column":8},"end":{"line":15,"column":11}},"7":{"start":{"line":17,"column":4},"end":{"line":17,"column":15}}},"fnMap":{"0":{"name":"createApp","decl":{"start":{"line":4,"column":16},"end":{"line":4,"column":25}},"loc":{"start":{"line":4,"column":28},"end":{"line":18,"column":1}},"line":4},"1":{"name":"(anonymous_1)","decl":{"start":{"line":10,"column":12},"end":{"line":10,"column":13}},"loc":{"start":{"line":10,"column":43},"end":{"line":16,"column":5}},"line":10}},"branchMap":{},"s":{"0":9,"1":9,"2":9,"3":9,"4":9,"5":0,"6":0,"7":9},"f":{"0":9,"1":0},"b":{},"_coverageSchema":"1a1c01bbd47fc00a2c39e90264f33305004495a9","hash":"03806241b70f2b65fc8f4951e6ba5ceaa4ce6658"}
,"D:\\Kuliah\\Semester 7\\2. Clean Architecture\\dist\\index.js": {"path":"D:\\Kuliah\\Semester 7\\2. Clean Architecture\\dist\\index.js","statementMap":{"0":{"start":{"line":2,"column":12},"end":{"line":2,"column":23}},"1":{"start":{"line":3,"column":13},"end":{"line":3,"column":37}},"2":{"start":{"line":4,"column":22},"end":{"line":4,"column":94}},"3":{"start":{"line":4,"column":45},"end":{"line":4,"column":93}}},"fnMap":{"0":{"name":"(anonymous_0)","decl":{"start":{"line":4,"column":39},"end":{"line":4,"column":40}},"loc":{"start":{"line":4,"column":45},"end":{"line":4,"column":93}},"line":4}},"branchMap":{"0":{"loc":{"start":{"line":3,"column":13},"end":{"line":3,"column":37}},"type":"binary-expr","locations":[{"start":{"line":3,"column":13},"end":{"line":3,"column":29}},{"start":{"line":3,"column":33},"end":{"line":3,"column":37}}],"line":3}},"s":{"0":1,"1":1,"2":1,"3":0},"f":{"0":0},"b":{"0":[1,1]},"_coverageSchema":"1a1c01bbd47fc00a2c39e90264f33305004495a9","hash":"375671ffa69a13e4dd235e2539ce094f80e5d7e7"}
,"D:\\Kuliah\\Semester 7\\2. Clean Architecture\\dist\\adapters\\controller\\users\\createUserController.js": {"path":"D:\\Kuliah\\Semester 7\\2. Clean Architecture\\dist\\adapters\\controller\\users\\createUserController.js","statementMap":{"0":{"start":{"line":6,"column":49},"end":{"line":6,"column":57}},"1":{"start":{"line":7,"column":4},"end":{"line":19,"column":5}},"2":{"start":{"line":8,"column":24},"end":{"line":11,"column":48}},"3":{"start":{"line":12,"column":8},"end":{"line":15,"column":11}},"4":{"start":{"line":18,"column":8},"end":{"line":18,"column":18}}},"fnMap":{"0":{"name":"createUser","decl":{"start":{"line":5,"column":22},"end":{"line":5,"column":32}},"loc":{"start":{"line":5,"column":49},"end":{"line":20,"column":1}},"line":5}},"branchMap":{},"s":{"0":1,"1":1,"2":1,"3":1,"4":0},"f":{"0":1},"b":{},"_coverageSchema":"1a1c01bbd47fc00a2c39e90264f33305004495a9","hash":"120a7158fbe24b3b21e268e44d755766f66c9eb5"}
,"D:\\Kuliah\\Semester 7\\2. Clean Architecture\\dist\\adapters\\controller\\users\\deleteUserController.js": {"path":"D:\\Kuliah\\Semester 7\\2. Clean Architecture\\dist\\adapters\\controller\\users\\deleteUserController.js","statementMap":{"0":{"start":{"line":5,"column":19},"end":{"line":5,"column":29}},"1":{"start":{"line":6,"column":4},"end":{"line":15,"column":5}},"2":{"start":{"line":7,"column":8},"end":{"line":7,"column":70}},"3":{"start":{"line":8,"column":8},"end":{"line":11,"column":11}},"4":{"start":{"line":14,"column":8},"end":{"line":14,"column":18}}},"fnMap":{"0":{"name":"deleteUser","decl":{"start":{"line":4,"column":22},"end":{"line":4,"column":32}},"loc":{"start":{"line":4,"column":49},"end":{"line":16,"column":1}},"line":4}},"branchMap":{},"s":{"0":1,"1":1,"2":1,"3":1,"4":0},"f":{"0":1},"b":{},"_coverageSchema":"1a1c01bbd47fc00a2c39e90264f33305004495a9","hash":"1bdf810e4338600a4e049b48e09511c3495ca41a"}
,"D:\\Kuliah\\Semester 7\\2. Clean Architecture\\dist\\adapters\\controller\\users\\getAllUsersController.js": {"path":"D:\\Kuliah\\Semester 7\\2. Clean Architecture\\dist\\adapters\\controller\\users\\getAllUsersController.js","statementMap":{"0":{"start":{"line":5,"column":4},"end":{"line":17,"column":5}},"1":{"start":{"line":6,"column":41},"end":{"line":6,"column":50}},"2":{"start":{"line":7,"column":22},"end":{"line":7,"column":92}},"3":{"start":{"line":8,"column":8},"end":{"line":13,"column":11}},"4":{"start":{"line":16,"column":8},"end":{"line":16,"column":18}}},"fnMap":{"0":{"name":"getAllUsers","decl":{"start":{"line":4,"column":22},"end":{"line":4,"column":33}},"loc":{"start":{"line":4,"column":50},"end":{"line":18,"column":1}},"line":4}},"branchMap":{"0":{"loc":{"start":{"line":6,"column":16},"end":{"line":6,"column":26}},"type":"default-arg","locations":[{"start":{"line":6,"column":24},"end":{"line":6,"column":26}}],"line":6},"1":{"loc":{"start":{"line":6,"column":28},"end":{"line":6,"column":36}},"type":"default-arg","locations":[{"start":{"line":6,"column":35},"end":{"line":6,"column":36}}],"line":6}},"s":{"0":2,"1":2,"2":2,"3":2,"4":0},"f":{"0":2},"b":{"0":[1],"1":[2]},"_coverageSchema":"1a1c01bbd47fc00a2c39e90264f33305004495a9","hash":"f21365406a5a47beb4bdfece3161e54ae7e70575"}
,"D:\\Kuliah\\Semester 7\\2. Clean Architecture\\dist\\adapters\\controller\\users\\getUserController.js": {"path":"D:\\Kuliah\\Semester 7\\2. Clean Architecture\\dist\\adapters\\controller\\users\\getUserController.js","statementMap":{"0":{"start":{"line":5,"column":19},"end":{"line":5,"column":29}},"1":{"start":{"line":6,"column":4},"end":{"line":15,"column":5}},"2":{"start":{"line":7,"column":21},"end":{"line":7,"column":76}},"3":{"start":{"line":8,"column":8},"end":{"line":11,"column":11}},"4":{"start":{"line":14,"column":8},"end":{"line":14,"column":18}}},"fnMap":{"0":{"name":"getUser","decl":{"start":{"line":4,"column":22},"end":{"line":4,"column":29}},"loc":{"start":{"line":4,"column":46},"end":{"line":16,"column":1}},"line":4}},"branchMap":{},"s":{"0":1,"1":1,"2":1,"3":1,"4":0},"f":{"0":1},"b":{},"_coverageSchema":"1a1c01bbd47fc00a2c39e90264f33305004495a9","hash":"57ffe7dc0df1f71ace6bf71d997defb9921952b0"}
,"D:\\Kuliah\\Semester 7\\2. Clean Architecture\\dist\\adapters\\controller\\users\\updateUserController.js": {"path":"D:\\Kuliah\\Semester 7\\2. Clean Architecture\\dist\\adapters\\controller\\users\\updateUserController.js","statementMap":{"0":{"start":{"line":5,"column":19},"end":{"line":5,"column":29}},"1":{"start":{"line":6,"column":49},"end":{"line":6,"column":57}},"2":{"start":{"line":7,"column":4},"end":{"line":18,"column":5}},"3":{"start":{"line":8,"column":28},"end":{"line":10,"column":70}},"4":{"start":{"line":11,"column":8},"end":{"line":14,"column":11}},"5":{"start":{"line":17,"column":8},"end":{"line":17,"column":18}}},"fnMap":{"0":{"name":"updateUser","decl":{"start":{"line":4,"column":22},"end":{"line":4,"column":32}},"loc":{"start":{"line":4,"column":49},"end":{"line":19,"column":1}},"line":4}},"branchMap":{},"s":{"0":1,"1":1,"2":1,"3":1,"4":1,"5":0},"f":{"0":1},"b":{},"_coverageSchema":"1a1c01bbd47fc00a2c39e90264f33305004495a9","hash":"f9e6ec10b54988a064864fdc7e234bab174d37ab"}
,"D:\\Kuliah\\Semester 7\\2. Clean Architecture\\dist\\adapters\\controller\\users\\userController.js": {"path":"D:\\Kuliah\\Semester 7\\2. Clean Architecture\\dist\\adapters\\controller\\users\\userController.js","statementMap":{},"fnMap":{},"branchMap":{},"s":{},"f":{},"b":{},"_coverageSchema":"1a1c01bbd47fc00a2c39e90264f33305004495a9","hash":"89cff447a76208107c95e07f55cef62a864bd8a0"}
,"D:\\Kuliah\\Semester 7\\2. Clean Architecture\\dist\\adapters\\route\\userRouter.js": {"path":"D:\\Kuliah\\Semester 7\\2. Clean Architecture\\dist\\adapters\\route\\userRouter.js","statementMap":{"0":{"start":{"line":3,"column":26},"end":{"line":3,"column":42}},"1":{"start":{"line":5,"column":0},"end":{"line":5,"column":48}},"2":{"start":{"line":7,"column":0},"end":{"line":7,"column":52}},"3":{"start":{"line":9,"column":0},"end":{"line":9,"column":48}},"4":{"start":{"line":11,"column":0},"end":{"line":11,"column":47}},"5":{"start":{"line":13,"column":0},"end":{"line":13,"column":53}}},"fnMap":{},"branchMap":{},"s":{"0":7,"1":7,"2":7,"3":7,"4":7,"5":7},"f":{},"b":{},"_coverageSchema":"1a1c01bbd47fc00a2c39e90264f33305004495a9","hash":"d1504a560d13dd45e75e6ca565f6c67155a05314"}
,"D:\\Kuliah\\Semester 7\\2. Clean Architecture\\dist\\domain\\entity\\UserEntity.js": {"path":"D:\\Kuliah\\Semester 7\\2. Clean Architecture\\dist\\domain\\entity\\UserEntity.js","statementMap":{"0":{"start":{"line":9,"column":8},"end":{"line":9,"column":26}},"1":{"start":{"line":10,"column":8},"end":{"line":10,"column":32}},"2":{"start":{"line":11,"column":8},"end":{"line":11,"column":32}},"3":{"start":{"line":12,"column":8},"end":{"line":12,"column":38}},"4":{"start":{"line":13,"column":8},"end":{"line":13,"column":38}},"5":{"start":{"line":14,"column":8},"end":{"line":14,"column":51}},"6":{"start":{"line":17,"column":8},"end":{"line":17,"column":29}},"7":{"start":{"line":18,"column":8},"end":{"line":18,"column":29}},"8":{"start":{"line":19,"column":8},"end":{"line":19,"column":32}},"9":{"start":{"line":20,"column":8},"end":{"line":20,"column":32}},"10":{"start":{"line":24,"column":8},"end":{"line":25,"column":19}},"11":{"start":{"line":25,"column":12},"end":{"line":25,"column":19}},"12":{"start":{"line":26,"column":8},"end":{"line":27,"column":52}},"13":{"start":{"line":27,"column":12},"end":{"line":27,"column":52}},"14":{"start":{"line":31,"column":8},"end":{"line":32,"column":19}},"15":{"start":{"line":32,"column":12},"end":{"line":32,"column":19}},"16":{"start":{"line":34,"column":8},"end":{"line":35,"column":72}},"17":{"start":{"line":35,"column":12},"end":{"line":35,"column":72}},"18":{"start":{"line":39,"column":8},"end":{"line":40,"column":19}},"19":{"start":{"line":40,"column":12},"end":{"line":40,"column":19}},"20":{"start":{"line":42,"column":8},"end":{"line":43,"column":76}},"21":{"start":{"line":43,"column":12},"end":{"line":43,"column":76}},"22":{"start":{"line":47,"column":8},"end":{"line":48,"column":19}},"23":{"start":{"line":48,"column":12},"end":{"line":48,"column":19}},"24":{"start":{"line":49,"column":8},"end":{"line":50,"column":80}},"25":{"start":{"line":50,"column":12},"end":{"line":50,"column":80}}},"fnMap":{"0":{"name":"(anonymous_0)","decl":{"start":{"line":8,"column":4},"end":{"line":8,"column":5}},"loc":{"start":{"line":8,"column":22},"end":{"line":15,"column":5}},"line":8},"1":{"name":"(anonymous_1)","decl":{"start":{"line":16,"column":4},"end":{"line":16,"column":5}},"loc":{"start":{"line":16,"column":15},"end":{"line":21,"column":5}},"line":16},"2":{"name":"(anonymous_2)","decl":{"start":{"line":22,"column":4},"end":{"line":22,"column":5}},"loc":{"start":{"line":22,"column":20},"end":{"line":28,"column":5}},"line":22},"3":{"name":"(anonymous_3)","decl":{"start":{"line":29,"column":4},"end":{"line":29,"column":5}},"loc":{"start":{"line":29,"column":20},"end":{"line":36,"column":5}},"line":29},"4":{"name":"(anonymous_4)","decl":{"start":{"line":37,"column":4},"end":{"line":37,"column":5}},"loc":{"start":{"line":37,"column":23},"end":{"line":44,"column":5}},"line":37},"5":{"name":"(anonymous_5)","decl":{"start":{"line":45,"column":4},"end":{"line":45,"column":5}},"loc":{"start":{"line":45,"column":23},"end":{"line":51,"column":5}},"line":45}},"branchMap":{"0":{"loc":{"start":{"line":14,"column":26},"end":{"line":14,"column":50}},"type":"binary-expr","locations":[{"start":{"line":14,"column":26},"end":{"line":14,"column":41}},{"start":{"line":14,"column":45},"end":{"line":14,"column":50}}],"line":14},"1":{"loc":{"start":{"line":24,"column":8},"end":{"line":25,"column":19}},"type":"if","locations":[{"start":{"line":24,"column":8},"end":{"line":25,"column":19}},{"start":{},"end":{}}],"line":24},"2":{"loc":{"start":{"line":24,"column":12},"end":{"line":24,"column":42}},"type":"binary-expr","locations":[{"start":{"line":24,"column":12},"end":{"line":24,"column":27}},{"start":{"line":24,"column":31},"end":{"line":24,"column":42}}],"line":24},"3":{"loc":{"start":{"line":26,"column":8},"end":{"line":27,"column":52}},"type":"if","locations":[{"start":{"line":26,"column":8},"end":{"line":27,"column":52}},{"start":{},"end":{}}],"line":26},"4":{"loc":{"start":{"line":31,"column":8},"end":{"line":32,"column":19}},"type":"if","locations":[{"start":{"line":31,"column":8},"end":{"line":32,"column":19}},{"start":{},"end":{}}],"line":31},"5":{"loc":{"start":{"line":31,"column":12},"end":{"line":31,"column":42}},"type":"binary-expr","locations":[{"start":{"line":31,"column":12},"end":{"line":31,"column":27}},{"start":{"line":31,"column":31},"end":{"line":31,"column":42}}],"line":31},"6":{"loc":{"start":{"line":34,"column":8},"end":{"line":35,"column":72}},"type":"if","locations":[{"start":{"line":34,"column":8},"end":{"line":35,"column":72}},{"start":{},"end":{}}],"line":34},"7":{"loc":{"start":{"line":39,"column":8},"end":{"line":40,"column":19}},"type":"if","locations":[{"start":{"line":39,"column":8},"end":{"line":40,"column":19}},{"start":{},"end":{}}],"line":39},"8":{"loc":{"start":{"line":39,"column":12},"end":{"line":39,"column":45}},"type":"binary-expr","locations":[{"start":{"line":39,"column":12},"end":{"line":39,"column":27}},{"start":{"line":39,"column":31},"end":{"line":39,"column":45}}],"line":39},"9":{"loc":{"start":{"line":42,"column":8},"end":{"line":43,"column":76}},"type":"if","locations":[{"start":{"line":42,"column":8},"end":{"line":43,"column":76}},{"start":{},"end":{}}],"line":42},"10":{"loc":{"start":{"line":47,"column":8},"end":{"line":48,"column":19}},"type":"if","locations":[{"start":{"line":47,"column":8},"end":{"line":48,"column":19}},{"start":{},"end":{}}],"line":47},"11":{"loc":{"start":{"line":47,"column":12},"end":{"line":47,"column":45}},"type":"binary-expr","locations":[{"start":{"line":47,"column":12},"end":{"line":47,"column":27}},{"start":{"line":47,"column":31},"end":{"line":47,"column":45}}],"line":47},"12":{"loc":{"start":{"line":49,"column":8},"end":{"line":50,"column":80}},"type":"if","locations":[{"start":{"line":49,"column":8},"end":{"line":50,"column":80}},{"start":{},"end":{}}],"line":49}},"s":{"0":4,"1":4,"2":4,"3":4,"4":4,"5":4,"6":4,"7":3,"8":3,"9":3,"10":4,"11":1,"12":3,"13":1,"14":3,"15":1,"16":2,"17":0,"18":3,"19":0,"20":3,"21":0,"22":3,"23":1,"24":2,"25":0},"f":{"0":4,"1":4,"2":4,"3":3,"4":3,"5":3},"b":{"0":[4,3],"1":[1,3],"2":[4,1],"3":[1,2],"4":[1,2],"5":[3,1],"6":[0,2],"7":[0,3],"8":[3,1],"9":[0,3],"10":[1,2],"11":[3,1],"12":[0,2]},"_coverageSchema":"1a1c01bbd47fc00a2c39e90264f33305004495a9","hash":"655a0d6103bcf609e0a08473b45cfe38e437e127"}
,"D:\\Kuliah\\Semester 7\\2. Clean Architecture\\dist\\domain\\interactor\\createUserInteractor.js": {"path":"D:\\Kuliah\\Semester 7\\2. Clean Architecture\\dist\\domain\\interactor\\createUserInteractor.js","statementMap":{"0":{"start":{"line":3,"column":23},"end":{"line":3,"column":43}},"1":{"start":{"line":4,"column":4},"end":{"line":4,"column":26}},"2":{"start":{"line":5,"column":20},"end":{"line":5,"column":53}},"3":{"start":{"line":6,"column":4},"end":{"line":10,"column":7}},"4":{"start":{"line":11,"column":4},"end":{"line":11,"column":19}}},"fnMap":{"0":{"name":"createUserInteractor","decl":{"start":{"line":2,"column":22},"end":{"line":2,"column":42}},"loc":{"start":{"line":2,"column":111},"end":{"line":12,"column":1}},"line":2}},"branchMap":{},"s":{"0":1,"1":1,"2":1,"3":1,"4":1},"f":{"0":1},"b":{},"_coverageSchema":"1a1c01bbd47fc00a2c39e90264f33305004495a9","hash":"5bc6c846a9f5753fd347f94a1c15967cd6ce22fd"}
,"D:\\Kuliah\\Semester 7\\2. Clean Architecture\\dist\\domain\\interactor\\deleteUserInteractor.js": {"path":"D:\\Kuliah\\Semester 7\\2. Clean Architecture\\dist\\domain\\interactor\\deleteUserInteractor.js","statementMap":{"0":{"start":{"line":2,"column":4},"end":{"line":2,"column":40}}},"fnMap":{"0":{"name":"deleteUserInteractor","decl":{"start":{"line":1,"column":22},"end":{"line":1,"column":42}},"loc":{"start":{"line":1,"column":79},"end":{"line":3,"column":1}},"line":1}},"branchMap":{},"s":{"0":1},"f":{"0":1},"b":{},"_coverageSchema":"1a1c01bbd47fc00a2c39e90264f33305004495a9","hash":"af347193d3562983b5741d0e576f9bdec460923e"}
,"D:\\Kuliah\\Semester 7\\2. Clean Architecture\\dist\\domain\\interactor\\getAllUserInteractor.js": {"path":"D:\\Kuliah\\Semester 7\\2. Clean Architecture\\dist\\domain\\interactor\\getAllUserInteractor.js","statementMap":{"0":{"start":{"line":2,"column":28},"end":{"line":2,"column":39}},"1":{"start":{"line":3,"column":18},"end":{"line":3,"column":62}},"2":{"start":{"line":4,"column":4},"end":{"line":4,"column":17}}},"fnMap":{"0":{"name":"getAllUserInteractor","decl":{"start":{"line":1,"column":22},"end":{"line":1,"column":42}},"loc":{"start":{"line":1,"column":84},"end":{"line":5,"column":1}},"line":1}},"branchMap":{},"s":{"0":2,"1":2,"2":2},"f":{"0":2},"b":{},"_coverageSchema":"1a1c01bbd47fc00a2c39e90264f33305004495a9","hash":"14f10b6a35a32076483a5e7aa9d6ed6fc2bcf712"}
,"D:\\Kuliah\\Semester 7\\2. Clean Architecture\\dist\\domain\\interactor\\getUserInteractor.js": {"path":"D:\\Kuliah\\Semester 7\\2. Clean Architecture\\dist\\domain\\interactor\\getUserInteractor.js","statementMap":{"0":{"start":{"line":2,"column":17},"end":{"line":2,"column":49}},"1":{"start":{"line":3,"column":4},"end":{"line":3,"column":16}}},"fnMap":{"0":{"name":"getUserInteractor","decl":{"start":{"line":1,"column":22},"end":{"line":1,"column":39}},"loc":{"start":{"line":1,"column":73},"end":{"line":4,"column":1}},"line":1}},"branchMap":{},"s":{"0":1,"1":1},"f":{"0":1},"b":{},"_coverageSchema":"1a1c01bbd47fc00a2c39e90264f33305004495a9","hash":"b1bcf065630a79cf8754d0bbe345961e2cbbd11b"}
,"D:\\Kuliah\\Semester 7\\2. Clean Architecture\\dist\\domain\\interactor\\updateUserInteractor.js": {"path":"D:\\Kuliah\\Semester 7\\2. Clean Architecture\\dist\\domain\\interactor\\updateUserInteractor.js","statementMap":{"0":{"start":{"line":4,"column":30},"end":{"line":4,"column":50}},"1":{"start":{"line":6,"column":4},"end":{"line":6,"column":33}},"2":{"start":{"line":8,"column":24},"end":{"line":8,"column":57}},"3":{"start":{"line":9,"column":4},"end":{"line":9,"column":23}}},"fnMap":{"0":{"name":"updateUserInteractor","decl":{"start":{"line":2,"column":22},"end":{"line":2,"column":42}},"loc":{"start":{"line":2,"column":77},"end":{"line":10,"column":1}},"line":2}},"branchMap":{},"s":{"0":1,"1":1,"2":1,"3":1},"f":{"0":1},"b":{},"_coverageSchema":"1a1c01bbd47fc00a2c39e90264f33305004495a9","hash":"312a08ba588d5cc1dec7eef7693ad3d578c9c628"}
,"D:\\Kuliah\\Semester 7\\2. Clean Architecture\\dist\\infrastructure\\database\\mongodb\\index.js": {"path":"D:\\Kuliah\\Semester 7\\2. Clean Architecture\\dist\\infrastructure\\database\\mongodb\\index.js","statementMap":{"0":{"start":{"line":2,"column":12},"end":{"line":2,"column":105}},"1":{"start":{"line":4,"column":22},"end":{"line":10,"column":2}}},"fnMap":{},"branchMap":{},"s":{"0":7,"1":7},"f":{},"b":{},"_coverageSchema":"1a1c01bbd47fc00a2c39e90264f33305004495a9","hash":"35772229bffaaf4d3789f687771a7fe408adacd3"}
,"D:\\Kuliah\\Semester 7\\2. Clean Architecture\\dist\\infrastructure\\database\\mongodb\\users\\createUserPersistence.js": {"path":"D:\\Kuliah\\Semester 7\\2. Clean Architecture\\dist\\infrastructure\\database\\mongodb\\users\\createUserPersistence.js","statementMap":{"0":{"start":{"line":4,"column":4},"end":{"line":4,"column":27}},"1":{"start":{"line":6,"column":20},"end":{"line":6,"column":41}},"2":{"start":{"line":7,"column":4},"end":{"line":37,"column":5}},"3":{"start":{"line":9,"column":8},"end":{"line":27,"column":11}},"4":{"start":{"line":10,"column":23},"end":{"line":10,"column":54}},"5":{"start":{"line":11,"column":36},"end":{"line":11,"column":58}},"6":{"start":{"line":12,"column":28},"end":{"line":14,"column":14}},"7":{"start":{"line":15,"column":12},"end":{"line":18,"column":58}},"8":{"start":{"line":19,"column":12},"end":{"line":20,"column":61}},"9":{"start":{"line":20,"column":16},"end":{"line":20,"column":61}},"10":{"start":{"line":21,"column":12},"end":{"line":21,"column":63}},"11":{"start":{"line":22,"column":12},"end":{"line":22,"column":24}},"12":{"start":{"line":30,"column":8},"end":{"line":30,"column":29}},"13":{"start":{"line":34,"column":8},"end":{"line":34,"column":35}},"14":{"start":{"line":36,"column":8},"end":{"line":36,"column":29}}},"fnMap":{"0":{"name":"createUserPersistence","decl":{"start":{"line":2,"column":22},"end":{"line":2,"column":43}},"loc":{"start":{"line":2,"column":50},"end":{"line":38,"column":1}},"line":2},"1":{"name":"(anonymous_1)","decl":{"start":{"line":9,"column":45},"end":{"line":9,"column":46}},"loc":{"start":{"line":9,"column":57},"end":{"line":23,"column":9}},"line":9}},"branchMap":{"0":{"loc":{"start":{"line":19,"column":12},"end":{"line":20,"column":61}},"type":"if","locations":[{"start":{"line":19,"column":12},"end":{"line":20,"column":61}},{"start":{},"end":{}}],"line":19}},"s":{"0":1,"1":1,"2":1,"3":1,"4":1,"5":1,"6":1,"7":1,"8":1,"9":0,"10":1,"11":1,"12":0,"13":1,"14":1},"f":{"0":1,"1":1},"b":{"0":[0,1]},"_coverageSchema":"1a1c01bbd47fc00a2c39e90264f33305004495a9","hash":"c2c523668d980499b445f87b367d1320c2599f28"}
,"D:\\Kuliah\\Semester 7\\2. Clean Architecture\\dist\\infrastructure\\database\\mongodb\\users\\deleteUserPersistence.js": {"path":"D:\\Kuliah\\Semester 7\\2. Clean Architecture\\dist\\infrastructure\\database\\mongodb\\users\\deleteUserPersistence.js","statementMap":{"0":{"start":{"line":4,"column":4},"end":{"line":17,"column":5}},"1":{"start":{"line":6,"column":8},"end":{"line":6,"column":31}},"2":{"start":{"line":7,"column":19},"end":{"line":7,"column":50}},"3":{"start":{"line":8,"column":32},"end":{"line":8,"column":54}},"4":{"start":{"line":9,"column":8},"end":{"line":9,"column":67}},"5":{"start":{"line":12,"column":8},"end":{"line":12,"column":29}},"6":{"start":{"line":16,"column":8},"end":{"line":16,"column":29}}},"fnMap":{"0":{"name":"deleteUserPersistence","decl":{"start":{"line":3,"column":22},"end":{"line":3,"column":43}},"loc":{"start":{"line":3,"column":52},"end":{"line":18,"column":1}},"line":3}},"branchMap":{},"s":{"0":1,"1":1,"2":1,"3":1,"4":1,"5":0,"6":1},"f":{"0":1},"b":{},"_coverageSchema":"1a1c01bbd47fc00a2c39e90264f33305004495a9","hash":"f3440646d3aa005c492b1c8a2f0897afa0264488"}
,"D:\\Kuliah\\Semester 7\\2. Clean Architecture\\dist\\infrastructure\\database\\mongodb\\users\\getAllUserPersistence.js": {"path":"D:\\Kuliah\\Semester 7\\2. Clean Architecture\\dist\\infrastructure\\database\\mongodb\\users\\getAllUserPersistence.js","statementMap":{"0":{"start":{"line":3,"column":4},"end":{"line":24,"column":5}},"1":{"start":{"line":5,"column":8},"end":{"line":5,"column":31}},"2":{"start":{"line":6,"column":19},"end":{"line":6,"column":50}},"3":{"start":{"line":7,"column":32},"end":{"line":7,"column":54}},"4":{"start":{"line":8,"column":23},"end":{"line":11,"column":37}},"5":{"start":{"line":12,"column":23},"end":{"line":12,"column":45}},"6":{"start":{"line":13,"column":8},"end":{"line":14,"column":46}},"7":{"start":{"line":14,"column":12},"end":{"line":14,"column":46}},"8":{"start":{"line":15,"column":8},"end":{"line":15,"column":29}},"9":{"start":{"line":16,"column":8},"end":{"line":16,"column":22}},"10":{"start":{"line":19,"column":8},"end":{"line":19,"column":29}},"11":{"start":{"line":23,"column":8},"end":{"line":23,"column":29}}},"fnMap":{"0":{"name":"getAllUserPersistence","decl":{"start":{"line":2,"column":22},"end":{"line":2,"column":43}},"loc":{"start":{"line":2,"column":62},"end":{"line":25,"column":1}},"line":2}},"branchMap":{"0":{"loc":{"start":{"line":13,"column":8},"end":{"line":14,"column":46}},"type":"if","locations":[{"start":{"line":13,"column":8},"end":{"line":14,"column":46}},{"start":{},"end":{}}],"line":13}},"s":{"0":7,"1":7,"2":7,"3":7,"4":7,"5":7,"6":7,"7":0,"8":7,"9":7,"10":0,"11":7},"f":{"0":7},"b":{"0":[0,7]},"_coverageSchema":"1a1c01bbd47fc00a2c39e90264f33305004495a9","hash":"fde433619a53252679515b4c18c944f3abbcb3ee"}
,"D:\\Kuliah\\Semester 7\\2. Clean Architecture\\dist\\infrastructure\\database\\mongodb\\users\\getUserPersistence.js": {"path":"D:\\Kuliah\\Semester 7\\2. Clean Architecture\\dist\\infrastructure\\database\\mongodb\\users\\getUserPersistence.js","statementMap":{"0":{"start":{"line":4,"column":4},"end":{"line":18,"column":5}},"1":{"start":{"line":6,"column":8},"end":{"line":6,"column":31}},"2":{"start":{"line":7,"column":19},"end":{"line":7,"column":50}},"3":{"start":{"line":8,"column":32},"end":{"line":8,"column":54}},"4":{"start":{"line":9,"column":23},"end":{"line":9,"column":79}},"5":{"start":{"line":10,"column":8},"end":{"line":10,"column":22}},"6":{"start":{"line":13,"column":8},"end":{"line":13,"column":29}},"7":{"start":{"line":17,"column":8},"end":{"line":17,"column":29}}},"fnMap":{"0":{"name":"getUserPersistence","decl":{"start":{"line":3,"column":22},"end":{"line":3,"column":40}},"loc":{"start":{"line":3,"column":49},"end":{"line":19,"column":1}},"line":3}},"branchMap":{},"s":{"0":2,"1":2,"2":2,"3":2,"4":2,"5":2,"6":0,"7":2},"f":{"0":2},"b":{},"_coverageSchema":"1a1c01bbd47fc00a2c39e90264f33305004495a9","hash":"d3bf2bf48ab850cb8386a7f5d6e5b9ea173effb7"}
,"D:\\Kuliah\\Semester 7\\2. Clean Architecture\\dist\\infrastructure\\database\\mongodb\\users\\updateUserPersistence.js": {"path":"D:\\Kuliah\\Semester 7\\2. Clean Architecture\\dist\\infrastructure\\database\\mongodb\\users\\updateUserPersistence.js","statementMap":{"0":{"start":{"line":5,"column":4},"end":{"line":9,"column":5}},"1":{"start":{"line":6,"column":8},"end":{"line":8,"column":9}},"2":{"start":{"line":7,"column":12},"end":{"line":7,"column":33}},"3":{"start":{"line":12,"column":4},"end":{"line":38,"column":5}},"4":{"start":{"line":14,"column":8},"end":{"line":14,"column":31}},"5":{"start":{"line":15,"column":19},"end":{"line":15,"column":50}},"6":{"start":{"line":16,"column":32},"end":{"line":16,"column":54}},"7":{"start":{"line":17,"column":29},"end":{"line":22,"column":9}},"8":{"start":{"line":23,"column":8},"end":{"line":23,"column":38}},"9":{"start":{"line":24,"column":27},"end":{"line":26,"column":9}},"10":{"start":{"line":27,"column":23},"end":{"line":27,"column":98}},"11":{"start":{"line":28,"column":8},"end":{"line":29,"column":47}},"12":{"start":{"line":29,"column":12},"end":{"line":29,"column":47}},"13":{"start":{"line":30,"column":8},"end":{"line":30,"column":51}},"14":{"start":{"line":33,"column":8},"end":{"line":33,"column":29}},"15":{"start":{"line":37,"column":8},"end":{"line":37,"column":29}}},"fnMap":{"0":{"name":"cleanNullValues","decl":{"start":{"line":4,"column":9},"end":{"line":4,"column":24}},"loc":{"start":{"line":4,"column":30},"end":{"line":10,"column":1}},"line":4},"1":{"name":"updateUserPersistence","decl":{"start":{"line":11,"column":22},"end":{"line":11,"column":43}},"loc":{"start":{"line":11,"column":50},"end":{"line":39,"column":1}},"line":11}},"branchMap":{"0":{"loc":{"start":{"line":6,"column":8},"end":{"line":8,"column":9}},"type":"if","locations":[{"start":{"line":6,"column":8},"end":{"line":8,"column":9}},{"start":{},"end":{}}],"line":6},"1":{"loc":{"start":{"line":6,"column":12},"end":{"line":6,"column":65}},"type":"binary-expr","locations":[{"start":{"line":6,"column":12},"end":{"line":6,"column":34}},{"start":{"line":6,"column":38},"end":{"line":6,"column":65}}],"line":6},"2":{"loc":{"start":{"line":28,"column":8},"end":{"line":29,"column":47}},"type":"if","locations":[{"start":{"line":28,"column":8},"end":{"line":29,"column":47}},{"start":{},"end":{}}],"line":28}},"s":{"0":1,"1":4,"2":3,"3":1,"4":1,"5":1,"6":1,"7":1,"8":1,"9":1,"10":1,"11":1,"12":0,"13":1,"14":0,"15":1},"f":{"0":1,"1":1},"b":{"0":[3,1],"1":[4,4],"2":[0,1]},"_coverageSchema":"1a1c01bbd47fc00a2c39e90264f33305004495a9","hash":"9e1d02f197d65b211c816f61109cd526e05afd5d"}
,"D:\\Kuliah\\Semester 7\\2. Clean Architecture\\dist\\infrastructure\\database\\mongodb\\users\\utils\\createFakeUser.js": {"path":"D:\\Kuliah\\Semester 7\\2. Clean Architecture\\dist\\infrastructure\\database\\mongodb\\users\\utils\\createFakeUser.js","statementMap":{"0":{"start":{"line":5,"column":17},"end":{"line":24,"column":5}},"1":{"start":{"line":25,"column":4},"end":{"line":38,"column":5}},"2":{"start":{"line":27,"column":8},"end":{"line":27,"column":31}},"3":{"start":{"line":28,"column":19},"end":{"line":28,"column":50}},"4":{"start":{"line":29,"column":32},"end":{"line":29,"column":54}},"5":{"start":{"line":30,"column":8},"end":{"line":30,"column":47}},"6":{"start":{"line":31,"column":8},"end":{"line":31,"column":61}},"7":{"start":{"line":34,"column":8},"end":{"line":34,"column":29}},"8":{"start":{"line":37,"column":8},"end":{"line":37,"column":29}}},"fnMap":{"0":{"name":"createFakeUser","decl":{"start":{"line":4,"column":22},"end":{"line":4,"column":36}},"loc":{"start":{"line":4,"column":39},"end":{"line":39,"column":1}},"line":4}},"branchMap":{},"s":{"0":5,"1":5,"2":5,"3":5,"4":5,"5":5,"6":5,"7":0,"8":5},"f":{"0":5},"b":{},"_coverageSchema":"1a1c01bbd47fc00a2c39e90264f33305004495a9","hash":"1464e6f4f35fcc27da1ab5ae5aeb93bb889c3f94"}
,"D:\\Kuliah\\Semester 7\\2. Clean Architecture\\dist\\infrastructure\\database\\mongodb\\users\\utils\\deleteAllUser.js": {"path":"D:\\Kuliah\\Semester 7\\2. Clean Architecture\\dist\\infrastructure\\database\\mongodb\\users\\utils\\deleteAllUser.js","statementMap":{"0":{"start":{"line":3,"column":4},"end":{"line":16,"column":5}},"1":{"start":{"line":5,"column":8},"end":{"line":5,"column":31}},"2":{"start":{"line":6,"column":19},"end":{"line":6,"column":50}},"3":{"start":{"line":7,"column":32},"end":{"line":7,"column":54}},"4":{"start":{"line":8,"column":8},"end":{"line":8,"column":45}},"5":{"start":{"line":11,"column":8},"end":{"line":11,"column":29}},"6":{"start":{"line":15,"column":8},"end":{"line":15,"column":29}}},"fnMap":{"0":{"name":"deleteAllUser","decl":{"start":{"line":2,"column":22},"end":{"line":2,"column":35}},"loc":{"start":{"line":2,"column":38},"end":{"line":17,"column":1}},"line":2}},"branchMap":{},"s":{"0":6,"1":6,"2":6,"3":6,"4":6,"5":0,"6":6},"f":{"0":6},"b":{},"_coverageSchema":"1a1c01bbd47fc00a2c39e90264f33305004495a9","hash":"3e671d692c461ab9654f47c889eabfd726e0cdd5"}
,"D:\\Kuliah\\Semester 7\\2. Clean Architecture\\dist\\infrastructure\\database\\mysql\\users\\sendRegistrationPersistence.js": {"path":"D:\\Kuliah\\Semester 7\\2. Clean Architecture\\dist\\infrastructure\\database\\mysql\\users\\sendRegistrationPersistence.js","statementMap":{"0":{"start":{"line":27,"column":4},"end":{"line":27,"column":39}}},"fnMap":{"0":{"name":"sendRegistrationEmailPersistence","decl":{"start":{"line":26,"column":22},"end":{"line":26,"column":54}},"loc":{"start":{"line":26,"column":61},"end":{"line":28,"column":1}},"line":26}},"branchMap":{},"s":{"0":1},"f":{"0":1},"b":{},"_coverageSchema":"1a1c01bbd47fc00a2c39e90264f33305004495a9","hash":"32efd1c4567315013b993ac432a2ee13753f753b"}
}
