TN:
SF:dist\app.js
FN:4,createApp
FN:10,(anonymous_1)
FNF:2
FNH:1
FNDA:9,createApp
FNDA:0,(anonymous_1)
DA:5,9
DA:6,9
DA:7,9
DA:8,9
DA:10,9
DA:11,0
DA:12,0
DA:17,9
LF:8
LH:6
BRF:0
BRH:0
end_of_record
TN:
SF:dist\index.js
FN:4,(anonymous_0)
FNF:1
FNH:0
FNDA:0,(anonymous_0)
DA:2,1
DA:3,1
DA:4,1
LF:3
LH:3
BRDA:3,0,0,1
BRDA:3,0,1,1
BRF:2
BRH:2
end_of_record
TN:
SF:dist\adapters\controller\users\createUserController.js
FN:5,createUser
FNF:1
FNH:1
FNDA:1,createUser
DA:6,1
DA:7,1
DA:8,1
DA:12,1
DA:18,0
LF:5
LH:4
BRF:0
BRH:0
end_of_record
TN:
SF:dist\adapters\controller\users\deleteUserController.js
FN:4,deleteUser
FNF:1
FNH:1
FNDA:1,deleteUser
DA:5,1
DA:6,1
DA:7,1
DA:8,1
DA:14,0
LF:5
LH:4
BRF:0
BRH:0
end_of_record
TN:
SF:dist\adapters\controller\users\getAllUsersController.js
FN:4,getAllUsers
FNF:1
FNH:1
FNDA:2,getAllUsers
DA:5,2
DA:6,2
DA:7,2
DA:8,2
DA:16,0
LF:5
LH:4
BRDA:6,0,0,1
BRDA:6,1,0,2
BRF:2
BRH:2
end_of_record
TN:
SF:dist\adapters\controller\users\getUserController.js
FN:4,getUser
FNF:1
FNH:1
FNDA:1,getUser
DA:5,1
DA:6,1
DA:7,1
DA:8,1
DA:14,0
LF:5
LH:4
BRF:0
BRH:0
end_of_record
TN:
SF:dist\adapters\controller\users\updateUserController.js
FN:4,updateUser
FNF:1
FNH:1
FNDA:1,updateUser
DA:5,1
DA:6,1
DA:7,1
DA:8,1
DA:11,1
DA:17,0
LF:6
LH:5
BRF:0
BRH:0
end_of_record
TN:
SF:dist\adapters\controller\users\userController.js
FNF:0
FNH:0
LF:0
LH:0
BRF:0
BRH:0
end_of_record
TN:
SF:dist\adapters\route\userRouter.js
FNF:0
FNH:0
DA:3,7
DA:5,7
DA:7,7
DA:9,7
DA:11,7
DA:13,7
LF:6
LH:6
BRF:0
BRH:0
end_of_record
TN:
SF:dist\domain\entity\UserEntity.js
FN:8,(anonymous_0)
FN:16,(anonymous_1)
FN:22,(anonymous_2)
FN:29,(anonymous_3)
FN:37,(anonymous_4)
FN:45,(anonymous_5)
FNF:6
FNH:6
FNDA:4,(anonymous_0)
FNDA:4,(anonymous_1)
FNDA:4,(anonymous_2)
FNDA:3,(anonymous_3)
FNDA:3,(anonymous_4)
FNDA:3,(anonymous_5)
DA:9,4
DA:10,4
DA:11,4
DA:12,4
DA:13,4
DA:14,4
DA:17,4
DA:18,3
DA:19,3
DA:20,3
DA:24,4
DA:25,1
DA:26,3
DA:27,1
DA:31,3
DA:32,1
DA:34,2
DA:35,0
DA:39,3
DA:40,0
DA:42,3
DA:43,0
DA:47,3
DA:48,1
DA:49,2
DA:50,0
LF:26
LH:22
BRDA:14,0,0,4
BRDA:14,0,1,3
BRDA:24,1,0,1
BRDA:24,1,1,3
BRDA:24,2,0,4
BRDA:24,2,1,1
BRDA:26,3,0,1
BRDA:26,3,1,2
BRDA:31,4,0,1
BRDA:31,4,1,2
BRDA:31,5,0,3
BRDA:31,5,1,1
BRDA:34,6,0,0
BRDA:34,6,1,2
BRDA:39,7,0,0
BRDA:39,7,1,3
BRDA:39,8,0,3
BRDA:39,8,1,1
BRDA:42,9,0,0
BRDA:42,9,1,3
BRDA:47,10,0,1
BRDA:47,10,1,2
BRDA:47,11,0,3
BRDA:47,11,1,1
BRDA:49,12,0,0
BRDA:49,12,1,2
BRF:26
BRH:22
end_of_record
TN:
SF:dist\domain\interactor\createUserInteractor.js
FN:2,createUserInteractor
FNF:1
FNH:1
FNDA:1,createUserInteractor
DA:3,1
DA:4,1
DA:5,1
DA:6,1
DA:11,1
LF:5
LH:5
BRF:0
BRH:0
end_of_record
TN:
SF:dist\domain\interactor\deleteUserInteractor.js
FN:1,deleteUserInteractor
FNF:1
FNH:1
FNDA:1,deleteUserInteractor
DA:2,1
LF:1
LH:1
BRF:0
BRH:0
end_of_record
TN:
SF:dist\domain\interactor\getAllUserInteractor.js
FN:1,getAllUserInteractor
FNF:1
FNH:1
FNDA:2,getAllUserInteractor
DA:2,2
DA:3,2
DA:4,2
LF:3
LH:3
BRF:0
BRH:0
end_of_record
TN:
SF:dist\domain\interactor\getUserInteractor.js
FN:1,getUserInteractor
FNF:1
FNH:1
FNDA:1,getUserInteractor
DA:2,1
DA:3,1
LF:2
LH:2
BRF:0
BRH:0
end_of_record
TN:
SF:dist\domain\interactor\updateUserInteractor.js
FN:2,updateUserInteractor
FNF:1
FNH:1
FNDA:1,updateUserInteractor
DA:4,1
DA:6,1
DA:8,1
DA:9,1
LF:4
LH:4
BRF:0
BRH:0
end_of_record
TN:
SF:dist\infrastructure\database\mongodb\index.js
FNF:0
FNH:0
DA:2,7
DA:4,7
LF:2
LH:2
BRF:0
BRH:0
end_of_record
TN:
SF:dist\infrastructure\database\mongodb\users\createUserPersistence.js
FN:2,createUserPersistence
FN:9,(anonymous_1)
FNF:2
FNH:2
FNDA:1,createUserPersistence
FNDA:1,(anonymous_1)
DA:4,1
DA:6,1
DA:7,1
DA:9,1
DA:10,1
DA:11,1
DA:12,1
DA:15,1
DA:19,1
DA:20,0
DA:21,1
DA:22,1
DA:30,0
DA:34,1
DA:36,1
LF:15
LH:13
BRDA:19,0,0,0
BRDA:19,0,1,1
BRF:2
BRH:1
end_of_record
TN:
SF:dist\infrastructure\database\mongodb\users\deleteUserPersistence.js
FN:3,deleteUserPersistence
FNF:1
FNH:1
FNDA:1,deleteUserPersistence
DA:4,1
DA:6,1
DA:7,1
DA:8,1
DA:9,1
DA:12,0
DA:16,1
LF:7
LH:6
BRF:0
BRH:0
end_of_record
TN:
SF:dist\infrastructure\database\mongodb\users\getAllUserPersistence.js
FN:2,getAllUserPersistence
FNF:1
FNH:1
FNDA:7,getAllUserPersistence
DA:3,7
DA:5,7
DA:6,7
DA:7,7
DA:8,7
DA:12,7
DA:13,7
DA:14,0
DA:15,7
DA:16,7
DA:19,0
DA:23,7
LF:12
LH:10
BRDA:13,0,0,0
BRDA:13,0,1,7
BRF:2
BRH:1
end_of_record
TN:
SF:dist\infrastructure\database\mongodb\users\getUserPersistence.js
FN:3,getUserPersistence
FNF:1
FNH:1
FNDA:2,getUserPersistence
DA:4,2
DA:6,2
DA:7,2
DA:8,2
DA:9,2
DA:10,2
DA:13,0
DA:17,2
LF:8
LH:7
BRF:0
BRH:0
end_of_record
TN:
SF:dist\infrastructure\database\mongodb\users\updateUserPersistence.js
FN:4,cleanNullValues
FN:11,updateUserPersistence
FNF:2
FNH:2
FNDA:1,cleanNullValues
FNDA:1,updateUserPersistence
DA:5,1
DA:6,4
DA:7,3
DA:12,1
DA:14,1
DA:15,1
DA:16,1
DA:17,1
DA:23,1
DA:24,1
DA:27,1
DA:28,1
DA:29,0
DA:30,1
DA:33,0
DA:37,1
LF:16
LH:14
BRDA:6,0,0,3
BRDA:6,0,1,1
BRDA:6,1,0,4
BRDA:6,1,1,4
BRDA:28,2,0,0
BRDA:28,2,1,1
BRF:6
BRH:5
end_of_record
TN:
SF:dist\infrastructure\database\mongodb\users\utils\createFakeUser.js
FN:4,createFakeUser
FNF:1
FNH:1
FNDA:5,createFakeUser
DA:5,5
DA:25,5
DA:27,5
DA:28,5
DA:29,5
DA:30,5
DA:31,5
DA:34,0
DA:37,5
LF:9
LH:8
BRF:0
BRH:0
end_of_record
TN:
SF:dist\infrastructure\database\mongodb\users\utils\deleteAllUser.js
FN:2,deleteAllUser
FNF:1
FNH:1
FNDA:6,deleteAllUser
DA:3,6
DA:5,6
DA:6,6
DA:7,6
DA:8,6
DA:11,0
DA:15,6
LF:7
LH:6
BRF:0
BRH:0
end_of_record
TN:
SF:dist\infrastructure\database\mysql\users\sendRegistrationPersistence.js
FN:26,sendRegistrationEmailPersistence
FNF:1
FNH:1
FNDA:1,sendRegistrationEmailPersistence
DA:27,1
LF:1
LH:1
BRF:0
BRH:0
end_of_record
